<?xml version="1.0" encoding="UTF-8"?>
<testng-results ignored="0" total="1" passed="1" failed="0" skipped="0">
  <reporter-output>
  </reporter-output>
  <suite started-at="2022-01-22T12:38:55 GMT" name="Default suite" finished-at="2022-01-22T12:38:56 GMT" duration-ms="951">
    <groups>
      <group name="cucumber">
        <method signature="AbstractTestNGCucumberTests.feature(cucumber.api.testng.CucumberFeatureWrapper)[pri:0, instance:cucumberOptions.TestRunner@5158b42f]" name="feature" class="cucumber.api.testng.AbstractTestNGCucumberTests"/>
      </group> <!-- cucumber -->
    </groups>
    <test started-at="2022-01-22T12:38:55 GMT" name="Default test" finished-at="2022-01-22T12:38:56 GMT" duration-ms="951">
      <class name="cucumberOptions.TestRunner">
        <test-method is-config="true" signature="setUpClass()[pri:0, instance:cucumberOptions.TestRunner@5158b42f]" started-at="2022-01-22T12:38:55 GMT" name="setUpClass" finished-at="2022-01-22T12:38:56 GMT" duration-ms="568" status="PASS">
          <reporter-output>
          </reporter-output>
        </test-method> <!-- setUpClass -->
        <test-method signature="feature(cucumber.api.testng.CucumberFeatureWrapper)[pri:0, instance:cucumberOptions.TestRunner@5158b42f]" started-at="2022-01-22T12:38:56 GMT" name="feature" description="Runs Cucumber Feature" data-provider="features" finished-at="2022-01-22T12:38:56 GMT" duration-ms="44" status="PASS">
          <params>
            <param index="0">
              <value>
                <![CDATA[BBC Page]]>
              </value>
            </param>
          </params>
          <reporter-output>
          </reporter-output>
        </test-method> <!-- feature -->
        <test-method is-config="true" signature="tearDownClass()[pri:0, instance:cucumberOptions.TestRunner@5158b42f]" started-at="2022-01-22T12:38:56 GMT" name="tearDownClass" finished-at="2022-01-22T12:38:56 GMT" duration-ms="45" status="PASS">
          <reporter-output>
          </reporter-output>
        </test-method> <!-- tearDownClass -->
      </class> <!-- cucumberOptions.TestRunner -->
    </test> <!-- Default test -->
  </suite> <!-- Default suite -->
</testng-results>
